<?xml version="1.0" encoding="UTF-8"?>
<testng-results ignored="0" total="1" passed="1" failed="0" skipped="0">
  <reporter-output>
  </reporter-output>
  <suite started-at="2024-03-22T15:28:32 IST" name="Default suite" finished-at="2024-03-22T15:28:41 IST" duration-ms="8465">
    <groups>
    </groups>
    <test started-at="2024-03-22T15:28:32 IST" name="Default test" finished-at="2024-03-22T15:28:41 IST" duration-ms="8465">
      <class name="working.pack.Sample">
        <test-method is-config="true" signature="launchChrome()[pri:0, instance:working.pack.Sample@72035809]" started-at="2024-03-22T15:28:32 IST" name="launchChrome" finished-at="2024-03-22T15:28:34 IST" duration-ms="2088" status="PASS">
          <reporter-output>
          </reporter-output>
        </test-method> <!-- launchChrome -->
        <test-method signature="test1()[pri:0, instance:working.pack.Sample@72035809]" started-at="2024-03-22T15:28:34 IST" name="test1" finished-at="2024-03-22T15:28:41 IST" duration-ms="6348" status="PASS">
          <reporter-output>
          </reporter-output>
        </test-method> <!-- test1 -->
      </class> <!-- working.pack.Sample -->
    </test> <!-- Default test -->
  </suite> <!-- Default suite -->
</testng-results>
