<?xml version="1.0" encoding="UTF-8"?>
<testng-results ignored="0" total="14" passed="14" failed="0" skipped="0">
  <reporter-output>
    <line>
      <![CDATA[Driver intialized successfully]]>
    </line>
  </reporter-output>
  <suite started-at="2024-03-28T01:52:06 IST" name="Default suite" finished-at="2024-03-28T01:52:19 IST" duration-ms="12389">
    <groups>
      <group name="cucumber">
        <method signature="AbstractTestNGCucumberTests.runScenario(io.cucumber.testng.PickleWrapper,io.cucumber.testng.FeatureWrapper)[pri:0, instance:com.orange.testrunner.TestRunnerParallel@4c60d6e9]" name="runScenario" class="io.cucumber.testng.AbstractTestNGCucumberTests"/>
      </group> <!-- cucumber -->
    </groups>
    <test started-at="2024-03-28T01:52:06 IST" name="Default test" finished-at="2024-03-28T01:52:19 IST" duration-ms="12389">
      <class name="com.orange.testrunner.TestRunnerParallel">
        <test-method is-config="true" signature="setUpClass(org.testng.ITestContext)[pri:0, instance:com.orange.testrunner.TestRunnerParallel@4c60d6e9]" started-at="2024-03-28T01:52:06 IST" name="setUpClass" finished-at="2024-03-28T01:52:07 IST" duration-ms="513" status="PASS">
          <params>
            <param index="0">
              <value>
                <![CDATA[org.testng.TestRunner@49ef32e0]]>
              </value>
            </param>
          </params>
          <reporter-output>
            <line>
              <![CDATA[Driver intialized successfully]]>
            </line>
          </reporter-output>
        </test-method> <!-- setUpClass -->
        <test-method signature="runScenario(io.cucumber.testng.PickleWrapper,io.cucumber.testng.FeatureWrapper)[pri:0, instance:com.orange.testrunner.TestRunnerParallel@4c60d6e9]" started-at="2024-03-28T01:52:07 IST" name="runScenario" description="Runs Cucumber Scenarios" data-provider="scenarios" finished-at="2024-03-28T01:52:07 IST" duration-ms="173" status="PASS">
          <params>
            <param index="0">
              <value>
                <![CDATA["login scene-1"]]>
              </value>
            </param>
            <param index="1">
              <value>
                <![CDATA["To verify the login page functionality"]]>
              </value>
            </param>
          </params>
          <reporter-output>
          </reporter-output>
        </test-method> <!-- runScenario -->
        <test-method signature="runScenario(io.cucumber.testng.PickleWrapper,io.cucumber.testng.FeatureWrapper)[pri:0, instance:com.orange.testrunner.TestRunnerParallel@4c60d6e9]" started-at="2024-03-28T01:52:07 IST" name="runScenario" description="Runs Cucumber Scenarios" data-provider="scenarios" finished-at="2024-03-28T01:52:19 IST" duration-ms="11643" status="PASS">
          <params>
            <param index="0">
              <value>
                <![CDATA["Login with Valid username & Password"]]>
              </value>
            </param>
            <param index="1">
              <value>
                <![CDATA["To verify the login page functionality"]]>
              </value>
            </param>
          </params>
          <reporter-output>
          </reporter-output>
        </test-method> <!-- runScenario -->
        <test-method signature="runScenario(io.cucumber.testng.PickleWrapper,io.cucumber.testng.FeatureWrapper)[pri:0, instance:com.orange.testrunner.TestRunnerParallel@4c60d6e9]" started-at="2024-03-28T01:52:07 IST" name="runScenario" description="Runs Cucumber Scenarios" data-provider="scenarios" finished-at="2024-03-28T01:52:07 IST" duration-ms="175" status="PASS">
          <params>
            <param index="0">
              <value>
                <![CDATA["login scene-4"]]>
              </value>
            </param>
            <param index="1">
              <value>
                <![CDATA["To verify the login page functionality"]]>
              </value>
            </param>
          </params>
          <reporter-output>
          </reporter-output>
        </test-method> <!-- runScenario -->
        <test-method signature="runScenario(io.cucumber.testng.PickleWrapper,io.cucumber.testng.FeatureWrapper)[pri:0, instance:com.orange.testrunner.TestRunnerParallel@4c60d6e9]" started-at="2024-03-28T01:52:07 IST" name="runScenario" description="Runs Cucumber Scenarios" data-provider="scenarios" finished-at="2024-03-28T01:52:07 IST" duration-ms="173" status="PASS">
          <params>
            <param index="0">
              <value>
                <![CDATA["Load the Object Repo for Web Application"]]>
              </value>
            </param>
            <param index="1">
              <value>
                <![CDATA["To verify the login page functionality"]]>
              </value>
            </param>
          </params>
          <reporter-output>
          </reporter-output>
        </test-method> <!-- runScenario -->
        <test-method signature="runScenario(io.cucumber.testng.PickleWrapper,io.cucumber.testng.FeatureWrapper)[pri:0, instance:com.orange.testrunner.TestRunnerParallel@4c60d6e9]" started-at="2024-03-28T01:52:07 IST" name="runScenario" description="Runs Cucumber Scenarios" data-provider="scenarios" finished-at="2024-03-28T01:52:07 IST" duration-ms="174" status="PASS">
          <params>
            <param index="0">
              <value>
                <![CDATA["login scene-2"]]>
              </value>
            </param>
            <param index="1">
              <value>
                <![CDATA["To verify the login page functionality"]]>
              </value>
            </param>
          </params>
          <reporter-output>
          </reporter-output>
        </test-method> <!-- runScenario -->
        <test-method signature="runScenario(io.cucumber.testng.PickleWrapper,io.cucumber.testng.FeatureWrapper)[pri:0, instance:com.orange.testrunner.TestRunnerParallel@4c60d6e9]" started-at="2024-03-28T01:52:07 IST" name="runScenario" description="Runs Cucumber Scenarios" data-provider="scenarios" finished-at="2024-03-28T01:52:19 IST" duration-ms="11700" status="PASS">
          <params>
            <param index="0">
              <value>
                <![CDATA["Verify the Login Functionality with valid username & invalid password"]]>
              </value>
            </param>
            <param index="1">
              <value>
                <![CDATA["To verify the login page functionality"]]>
              </value>
            </param>
          </params>
          <reporter-output>
          </reporter-output>
        </test-method> <!-- runScenario -->
        <test-method signature="runScenario(io.cucumber.testng.PickleWrapper,io.cucumber.testng.FeatureWrapper)[pri:0, instance:com.orange.testrunner.TestRunnerParallel@4c60d6e9]" started-at="2024-03-28T01:52:07 IST" name="runScenario" description="Runs Cucumber Scenarios" data-provider="scenarios" finished-at="2024-03-28T01:52:07 IST" duration-ms="173" status="PASS">
          <params>
            <param index="0">
              <value>
                <![CDATA["login scene-5"]]>
              </value>
            </param>
            <param index="1">
              <value>
                <![CDATA["To verify the login page functionality"]]>
              </value>
            </param>
          </params>
          <reporter-output>
          </reporter-output>
        </test-method> <!-- runScenario -->
        <test-method signature="runScenario(io.cucumber.testng.PickleWrapper,io.cucumber.testng.FeatureWrapper)[pri:0, instance:com.orange.testrunner.TestRunnerParallel@4c60d6e9]" started-at="2024-03-28T01:52:07 IST" name="runScenario" description="Runs Cucumber Scenarios" data-provider="scenarios" finished-at="2024-03-28T01:52:19 IST" duration-ms="11701" status="PASS">
          <params>
            <param index="0">
              <value>
                <![CDATA["Verify the Login Functionality with invalid username & valid password"]]>
              </value>
            </param>
            <param index="1">
              <value>
                <![CDATA["To verify the login page functionality"]]>
              </value>
            </param>
          </params>
          <reporter-output>
          </reporter-output>
        </test-method> <!-- runScenario -->
        <test-method signature="runScenario(io.cucumber.testng.PickleWrapper,io.cucumber.testng.FeatureWrapper)[pri:0, instance:com.orange.testrunner.TestRunnerParallel@4c60d6e9]" started-at="2024-03-28T01:52:07 IST" name="runScenario" description="Runs Cucumber Scenarios" data-provider="scenarios" finished-at="2024-03-28T01:52:07 IST" duration-ms="174" status="PASS">
          <params>
            <param index="0">
              <value>
                <![CDATA["rameshrrrrrrrrr scene-1"]]>
              </value>
            </param>
            <param index="1">
              <value>
                <![CDATA["To verify the rameshrrrrrrrrr page functionality"]]>
              </value>
            </param>
          </params>
          <reporter-output>
          </reporter-output>
        </test-method> <!-- runScenario -->
        <test-method signature="runScenario(io.cucumber.testng.PickleWrapper,io.cucumber.testng.FeatureWrapper)[pri:0, instance:com.orange.testrunner.TestRunnerParallel@4c60d6e9]" started-at="2024-03-28T01:52:07 IST" name="runScenario" description="Runs Cucumber Scenarios" data-provider="scenarios" finished-at="2024-03-28T01:52:07 IST" duration-ms="173" status="PASS">
          <params>
            <param index="0">
              <value>
                <![CDATA["login scene-3"]]>
              </value>
            </param>
            <param index="1">
              <value>
                <![CDATA["To verify the login page functionality"]]>
              </value>
            </param>
          </params>
          <reporter-output>
          </reporter-output>
        </test-method> <!-- runScenario -->
        <test-method signature="runScenario(io.cucumber.testng.PickleWrapper,io.cucumber.testng.FeatureWrapper)[pri:0, instance:com.orange.testrunner.TestRunnerParallel@4c60d6e9]" started-at="2024-03-28T01:52:07 IST" name="runScenario" description="Runs Cucumber Scenarios" data-provider="scenarios" finished-at="2024-03-28T01:52:07 IST" duration-ms="28" status="PASS">
          <params>
            <param index="0">
              <value>
                <![CDATA["rameshrrrrrrrrr scene-2"]]>
              </value>
            </param>
            <param index="1">
              <value>
                <![CDATA["To verify the rameshrrrrrrrrr page functionality"]]>
              </value>
            </param>
          </params>
          <reporter-output>
          </reporter-output>
        </test-method> <!-- runScenario -->
        <test-method signature="runScenario(io.cucumber.testng.PickleWrapper,io.cucumber.testng.FeatureWrapper)[pri:0, instance:com.orange.testrunner.TestRunnerParallel@4c60d6e9]" started-at="2024-03-28T01:52:07 IST" name="runScenario" description="Runs Cucumber Scenarios" data-provider="scenarios" finished-at="2024-03-28T01:52:07 IST" duration-ms="27" status="PASS">
          <params>
            <param index="0">
              <value>
                <![CDATA["rameshrrrrrrrrr scene-3"]]>
              </value>
            </param>
            <param index="1">
              <value>
                <![CDATA["To verify the rameshrrrrrrrrr page functionality"]]>
              </value>
            </param>
          </params>
          <reporter-output>
          </reporter-output>
        </test-method> <!-- runScenario -->
        <test-method signature="runScenario(io.cucumber.testng.PickleWrapper,io.cucumber.testng.FeatureWrapper)[pri:0, instance:com.orange.testrunner.TestRunnerParallel@4c60d6e9]" started-at="2024-03-28T01:52:07 IST" name="runScenario" description="Runs Cucumber Scenarios" data-provider="scenarios" finished-at="2024-03-28T01:52:07 IST" duration-ms="35" status="PASS">
          <params>
            <param index="0">
              <value>
                <![CDATA["rameshrrrrrrrrr scene-4"]]>
              </value>
            </param>
            <param index="1">
              <value>
                <![CDATA["To verify the rameshrrrrrrrrr page functionality"]]>
              </value>
            </param>
          </params>
          <reporter-output>
          </reporter-output>
        </test-method> <!-- runScenario -->
        <test-method signature="runScenario(io.cucumber.testng.PickleWrapper,io.cucumber.testng.FeatureWrapper)[pri:0, instance:com.orange.testrunner.TestRunnerParallel@4c60d6e9]" started-at="2024-03-28T01:52:07 IST" name="runScenario" description="Runs Cucumber Scenarios" data-provider="scenarios" finished-at="2024-03-28T01:52:07 IST" duration-ms="23" status="PASS">
          <params>
            <param index="0">
              <value>
                <![CDATA["rameshrrrrrrrrr scene-5"]]>
              </value>
            </param>
            <param index="1">
              <value>
                <![CDATA["To verify the rameshrrrrrrrrr page functionality"]]>
              </value>
            </param>
          </params>
          <reporter-output>
          </reporter-output>
        </test-method> <!-- runScenario -->
        <test-method is-config="true" signature="tearDownClass()[pri:0, instance:com.orange.testrunner.TestRunnerParallel@4c60d6e9]" started-at="2024-03-28T01:52:19 IST" name="tearDownClass" finished-at="2024-03-28T01:52:19 IST" duration-ms="129" status="PASS">
          <reporter-output>
          </reporter-output>
        </test-method> <!-- tearDownClass -->
      </class> <!-- com.orange.testrunner.TestRunnerParallel -->
    </test> <!-- Default test -->
  </suite> <!-- Default suite -->
</testng-results>
