<?xml version="1.0" encoding="UTF-8"?>
<testsuite name="Cucumber" time="12.444" tests="2" skipped="0" failures="0" errors="0">
<testcase classname="To Verify that Home oage functionality" name="To Chreck Home Page Title" time="0.002">
</testcase>
<testcase classname="To verify the login page functionality" name="Login with Valid username &amp; Password" time="12.348">
<system-out><![CDATA[
Given Open the Orange.com page..............................................passed
When Verify that Orange.com Page is opened..................................passed
And Enter valid username....................................................passed
And Enter Valid Password....................................................passed
And Click on the Login Button...............................................passed
Then Verify user able to view the Orange.com Home page......................passed
]]></system-out>
</testcase>
</testsuite>
